[04/May/2026 09:38:03] "GET / HTTP/1.1" 200 7024
[04/May/2026 09:38:03,950] - Broken pipe from ('127.0.0.1', 49244)
[04/May/2026 09:38:19] "GET / HTTP/1.1" 200 7024
[04/May/2026 09:38:20] "GET /static/css/styles.css?v=7 HTTP/1.1" 200 9892
[04/May/2026 09:46:26] "GET / HTTP/1.1" 200 7024
[04/May/2026 09:46:26] "GET /static/css/styles.css?v=7 HTTP/1.1" 304 0
[04/May/2026 09:52:43] "GET / HTTP/1.1" 200 7024
[04/May/2026 09:52:43] "GET /static/css/styles.css?v=7 HTTP/1.1" 304 0
[04/May/2026 09:52:44] "GET / HTTP/1.1" 200 7024
[04/May/2026 09:52:44] "GET / HTTP/1.1" 200 7024
[04/May/2026 09:52:45] "GET / HTTP/1.1" 200 7024
[04/May/2026 09:52:45] "GET / HTTP/1.1" 200 7024
[04/May/2026 09:52:45] "GET / HTTP/1.1" 200 7024
[04/May/2026 09:52:45] "GET / HTTP/1.1" 200 7024
[04/May/2026 09:52:46] "GET / HTTP/1.1" 200 7024
[04/May/2026 09:52:46] "GET / HTTP/1.1" 200 7024
[04/May/2026 09:52:46] "GET / HTTP/1.1" 200 7024
[04/May/2026 09:52:46] "GET / HTTP/1.1" 200 7024
[04/May/2026 09:52:46] "GET / HTTP/1.1" 200 7024
[04/May/2026 09:52:47] "GET / HTTP/1.1" 200 7024
[04/May/2026 09:52:47] "GET / HTTP/1.1" 200 7024
[04/May/2026 09:52:47] "GET / HTTP/1.1" 200 7024
[04/May/2026 09:52:47] "GET / HTTP/1.1" 200 7024
[04/May/2026 09:52:47] "GET / HTTP/1.1" 200 7024
[04/May/2026 09:52:47] "GET / HTTP/1.1" 200 7024
[04/May/2026 09:52:48] "GET / HTTP/1.1" 200 7024
[04/May/2026 09:53:31] "GET / HTTP/1.1" 200 7024
[04/May/2026 09:53:31,899] - Broken pipe from ('127.0.0.1', 50477)
[04/May/2026 10:00:35] "GET / HTTP/1.1" 200 7024
[04/May/2026 10:00:35,752] - Broken pipe from ('127.0.0.1', 57352)
[04/May/2026 10:04:47] "GET / HTTP/1.1" 200 7024
[04/May/2026 10:04:47] "GET /static/css/styles.css?v=7 HTTP/1.1" 304 0
[04/May/2026 10:04:57] "POST / HTTP/1.1" 302 0
[04/May/2026 10:06:12] "GET /predict/ HTTP/1.1" 200 14691
[04/May/2026 10:06:13] "GET /static/uploaded_file_1777869297_result_preview.png HTTP/1.1" 200 1009134
[04/May/2026 10:06:13] "GET /static/uploaded_file_1777869297_preprocessed_2.png HTTP/1.1" 200 1026497
[04/May/2026 10:06:13] "GET /static/uploaded_file_1777869297_preprocessed_1.png HTTP/1.1" 200 1035623
[04/May/2026 10:06:13] "GET /static/uploaded_file_1777869297_preprocessed_3.png HTTP/1.1" 200 1038093
[04/May/2026 10:06:13] "GET /static/uploaded_file_1777869297_preprocessed_4.png HTTP/1.1" 200 1036745
[04/May/2026 10:06:13] "GET /static/uploaded_file_1777869297_preprocessed_5.png HTTP/1.1" 200 1036091
[04/May/2026 10:06:13] "GET /static/uploaded_file_1777869297_preprocessed_6.png HTTP/1.1" 200 1047494
[04/May/2026 10:06:13] "GET /static/uploaded_file_1777869297_preprocessed_7.png HTTP/1.1" 200 1012031
[04/May/2026 10:06:13] "GET /static/uploaded_file_1777869297_preprocessed_8.png HTTP/1.1" 200 1037164
[04/May/2026 10:06:13] "GET /static/uploaded_file_1777869297_preprocessed_9.png HTTP/1.1" 200 1044329
[04/May/2026 10:06:13] "GET /static/uploaded_file_1777869297_preprocessed_11.png HTTP/1.1" 200 1041019
[04/May/2026 10:06:13] "GET /static/uploaded_file_1777869297_preprocessed_10.png HTTP/1.1" 200 1054398
[04/May/2026 10:06:13] "GET /static/uploaded_file_1777869297_preprocessed_12.png HTTP/1.1" 200 1064648
[04/May/2026 10:06:13] "GET /static/uploaded_file_1777869297_preprocessed_13.png HTTP/1.1" 200 1061848
[04/May/2026 10:06:13] "GET /static/uploaded_file_1777869297_preprocessed_14.png HTTP/1.1" 200 1063605
[04/May/2026 10:06:13] "GET /static/uploaded_file_1777869297_preprocessed_15.png HTTP/1.1" 200 1055758
[04/May/2026 10:06:13] "GET /static/uploaded_file_1777869297_preprocessed_16.png HTTP/1.1" 200 1068161
[04/May/2026 10:06:13] "GET /static/uploaded_file_1777869297_preprocessed_18.png HTTP/1.1" 200 1067387
[04/May/2026 10:06:13] "GET /static/uploaded_file_1777869297_preprocessed_19.png HTTP/1.1" 200 1047874
[04/May/2026 10:06:13] "GET /static/uploaded_file_1777869297_preprocessed_17.png HTTP/1.1" 200 1065259
[04/May/2026 10:06:13] "GET /static/uploaded_file_1777869297_cropped_faces_1.png HTTP/1.1" 200 44921
[04/May/2026 10:06:13] "GET /static/uploaded_file_1777869297_cropped_faces_2.png HTTP/1.1" 200 45281
[04/May/2026 10:06:13] "GET /static/uploaded_file_1777869297_preprocessed_20.png HTTP/1.1" 200 1050904
[04/May/2026 10:06:13] "GET /static/uploaded_file_1777869297_cropped_faces_3.png HTTP/1.1" 200 41447
[04/May/2026 10:06:13] "GET /static/uploaded_file_1777869297_cropped_faces_4.png HTTP/1.1" 200 46060
[04/May/2026 10:06:13] "GET /static/uploaded_file_1777869297_cropped_faces_5.png HTTP/1.1" 200 46457
[04/May/2026 10:06:13] "GET /static/uploaded_file_1777869297_cropped_faces_6.png HTTP/1.1" 200 43953
[04/May/2026 10:06:13] "GET /static/uploaded_file_1777869297_cropped_faces_7.png HTTP/1.1" 200 47938
[04/May/2026 10:06:13] "GET /static/uploaded_file_1777869297_cropped_faces_8.png HTTP/1.1" 200 38768
[04/May/2026 10:06:13] "GET /static/uploaded_file_1777869297_cropped_faces_9.png HTTP/1.1" 200 44879
[04/May/2026 10:06:13] "GET /static/uploaded_file_1777869297_cropped_faces_10.png HTTP/1.1" 200 46267
[04/May/2026 10:06:13] "GET /static/uploaded_file_1777869297_cropped_faces_11.png HTTP/1.1" 200 45827
[04/May/2026 10:06:13] "GET /static/uploaded_file_1777869297_cropped_faces_12.png HTTP/1.1" 200 45807
[04/May/2026 10:06:13] "GET /static/uploaded_file_1777869297_cropped_faces_14.png HTTP/1.1" 200 43306
[04/May/2026 10:06:13] "GET /static/uploaded_file_1777869297_cropped_faces_16.png HTTP/1.1" 200 47381
[04/May/2026 10:06:13] "GET /static/uploaded_file_1777869297_cropped_faces_15.png HTTP/1.1" 200 44383
[04/May/2026 10:06:13] "GET /static/uploaded_file_1777869297_cropped_faces_18.png HTTP/1.1" 200 44161
[04/May/2026 10:06:13] "GET /static/uploaded_file_1777869297_cropped_faces_13.png HTTP/1.1" 200 44992
[04/May/2026 10:06:13] "GET /static/uploaded_file_1777869297_cropped_faces_17.png HTTP/1.1" 200 45234
[04/May/2026 10:06:13] "GET /static/uploaded_file_1777869297_cropped_faces_19.png HTTP/1.1" 200 50073
[04/May/2026 10:06:13] "GET /static/uploaded_file_1777869297_cropped_faces_20.png HTTP/1.1" 200 60606
[04/May/2026 10:19:01] "GET / HTTP/1.1" 200 7024
[04/May/2026 10:19:01,412] - Broken pipe from ('127.0.0.1', 54909)
[04/May/2026 10:25:39] "GET / HTTP/1.1" 200 7024
[04/May/2026 10:25:40,020] - Broken pipe from ('127.0.0.1', 50323)
[04/May/2026 10:26:55] "GET / HTTP/1.1" 200 7024
[04/May/2026 10:26:55] "GET /static/css/styles.css?v=7 HTTP/1.1" 200 10112
[04/May/2026 10:27:02] "POST / HTTP/1.1" 302 0
[04/May/2026 10:27:42] "GET /predict/ HTTP/1.1" 200 14691
[04/May/2026 10:27:43] "GET /static/uploaded_file_1777870622_result_preview.png HTTP/1.1" 200 421667
[04/May/2026 10:27:43] "GET /static/uploaded_file_1777870622_preprocessed_1.png HTTP/1.1" 200 431560
[04/May/2026 10:27:43] "GET /static/uploaded_file_1777870622_preprocessed_4.png HTTP/1.1" 200 523472
[04/May/2026 10:27:43] "GET /static/uploaded_file_1777870622_preprocessed_3.png HTTP/1.1" 200 514511
[04/May/2026 10:27:43] "GET /static/uploaded_file_1777870622_preprocessed_2.png HTTP/1.1" 200 491732
[04/May/2026 10:27:43] "GET /static/uploaded_file_1777870622_preprocessed_5.png HTTP/1.1" 200 537528
[04/May/2026 10:27:43] "GET /static/uploaded_file_1777870622_preprocessed_6.png HTTP/1.1" 200 531863
[04/May/2026 10:27:43] "GET /static/uploaded_file_1777870622_preprocessed_7.png HTTP/1.1" 200 542139
[04/May/2026 10:27:43] "GET /static/uploaded_file_1777870622_preprocessed_8.png HTTP/1.1" 200 533092
[04/May/2026 10:27:43] "GET /static/uploaded_file_1777870622_preprocessed_10.png HTTP/1.1" 200 542343
[04/May/2026 10:27:44] "GET /static/uploaded_file_1777870622_preprocessed_11.png HTTP/1.1" 200 550694
[04/May/2026 10:27:44] "GET /static/uploaded_file_1777870622_preprocessed_9.png HTTP/1.1" 200 536140
[04/May/2026 10:27:44] "GET /static/uploaded_file_1777870622_preprocessed_12.png HTTP/1.1" 200 533220
[04/May/2026 10:27:44] "GET /static/uploaded_file_1777870622_preprocessed_13.png HTTP/1.1" 200 529030
[04/May/2026 10:27:44] "GET /static/uploaded_file_1777870622_preprocessed_14.png HTTP/1.1" 200 522285
[04/May/2026 10:27:44] "GET /static/uploaded_file_1777870622_preprocessed_15.png HTTP/1.1" 200 531338
[04/May/2026 10:27:44] "GET /static/uploaded_file_1777870622_preprocessed_16.png HTTP/1.1" 200 537384
[04/May/2026 10:27:44] "GET /static/uploaded_file_1777870622_preprocessed_17.png HTTP/1.1" 200 525713
[04/May/2026 10:27:44] "GET /static/uploaded_file_1777870622_preprocessed_18.png HTTP/1.1" 200 543496
[04/May/2026 10:27:44] "GET /static/uploaded_file_1777870622_preprocessed_19.png HTTP/1.1" 200 557076
[04/May/2026 10:27:44] "GET /static/uploaded_file_1777870622_cropped_faces_1.png HTTP/1.1" 200 16525
[04/May/2026 10:27:44] "GET /static/uploaded_file_1777870622_preprocessed_20.png HTTP/1.1" 200 449862
[04/May/2026 10:27:44] "GET /static/uploaded_file_1777870622_cropped_faces_4.png HTTP/1.1" 200 23658
[04/May/2026 10:27:44] "GET /static/uploaded_file_1777870622_cropped_faces_5.png HTTP/1.1" 200 26324
[04/May/2026 10:27:44] "GET /static/uploaded_file_1777870622_cropped_faces_3.png HTTP/1.1" 200 20602
[04/May/2026 10:27:44] "GET /static/uploaded_file_1777870622_cropped_faces_2.png HTTP/1.1" 200 18362
[04/May/2026 10:27:44] "GET /static/uploaded_file_1777870622_cropped_faces_7.png HTTP/1.1" 200 35939
[04/May/2026 10:27:44] "GET /static/uploaded_file_1777870622_cropped_faces_6.png HTTP/1.1" 200 30487
[04/May/2026 10:27:44] "GET /static/uploaded_file_1777870622_cropped_faces_8.png HTTP/1.1" 200 39391
[04/May/2026 10:27:44] "GET /static/uploaded_file_1777870622_cropped_faces_9.png HTTP/1.1" 200 48289
[04/May/2026 10:27:44] "GET /static/uploaded_file_1777870622_cropped_faces_10.png HTTP/1.1" 200 54254
[04/May/2026 10:27:44] "GET /static/uploaded_file_1777870622_cropped_faces_12.png HTTP/1.1" 200 76530
[04/May/2026 10:27:44] "GET /static/uploaded_file_1777870622_cropped_faces_11.png HTTP/1.1" 200 62844
[04/May/2026 10:27:44] "GET /static/uploaded_file_1777870622_cropped_faces_13.png HTTP/1.1" 200 94667
[04/May/2026 10:27:44] "GET /static/uploaded_file_1777870622_cropped_faces_14.png HTTP/1.1" 200 105240
[04/May/2026 10:27:44] "GET /static/uploaded_file_1777870622_cropped_faces_18.png HTTP/1.1" 200 162540
[04/May/2026 10:27:44] "GET /static/uploaded_file_1777870622_cropped_faces_15.png HTTP/1.1" 200 125148
[04/May/2026 10:27:44] "GET /static/uploaded_file_1777870622_cropped_faces_19.png HTTP/1.1" 200 173437
[04/May/2026 10:27:44] "GET /static/uploaded_file_1777870622_cropped_faces_17.png HTTP/1.1" 200 167144
[04/May/2026 10:27:44] "GET /static/uploaded_file_1777870622_cropped_faces_20.png HTTP/1.1" 200 154123
[04/May/2026 10:27:45] "GET /static/uploaded_file_1777870622_cropped_faces_16.png HTTP/1.1" 200 138005
[04/May/2026 10:27:56,689] - Broken pipe from ('127.0.0.1', 60409)
[04/May/2026 10:30:00] "GET / HTTP/1.1" 200 7024
[04/May/2026 10:30:00] "GET /static/css/styles.css?v=7 HTTP/1.1" 304 0
[04/May/2026 10:30:12] "POST / HTTP/1.1" 302 0
[04/May/2026 10:30:59] "GET /predict/ HTTP/1.1" 200 14691
[04/May/2026 10:31:00] "GET /static/uploaded_file_1777870812_preprocessed_1.png HTTP/1.1" 200 507824
[04/May/2026 10:31:00] "GET /static/uploaded_file_1777870812_preprocessed_2.png HTTP/1.1" 200 596375
[04/May/2026 10:31:00] "GET /static/uploaded_file_1777870812_result_preview.png HTTP/1.1" 200 507824
[04/May/2026 10:31:00] "GET /static/uploaded_file_1777870812_preprocessed_3.png HTTP/1.1" 200 616277
[04/May/2026 10:31:00] "GET /static/uploaded_file_1777870812_preprocessed_4.png HTTP/1.1" 200 525030
[04/May/2026 10:31:00] "GET /static/uploaded_file_1777870812_preprocessed_5.png HTTP/1.1" 200 637456
[04/May/2026 10:31:00] "GET /static/uploaded_file_1777870812_preprocessed_6.png HTTP/1.1" 200 630380
[04/May/2026 10:31:00] "GET /static/uploaded_file_1777870812_preprocessed_8.png HTTP/1.1" 200 628246
[04/May/2026 10:31:00] "GET /static/uploaded_file_1777870812_preprocessed_7.png HTTP/1.1" 200 646991
[04/May/2026 10:31:00] "GET /static/uploaded_file_1777870812_preprocessed_9.png HTTP/1.1" 200 648851
[04/May/2026 10:31:00] "GET /static/uploaded_file_1777870812_preprocessed_10.png HTTP/1.1" 200 602711
[04/May/2026 10:31:00] "GET /static/uploaded_file_1777870812_preprocessed_11.png HTTP/1.1" 200 604550
[04/May/2026 10:31:00] "GET /static/uploaded_file_1777870812_preprocessed_13.png HTTP/1.1" 200 607719
[04/May/2026 10:31:00] "GET /static/uploaded_file_1777870812_preprocessed_12.png HTTP/1.1" 200 632115
[04/May/2026 10:31:00] "GET /static/uploaded_file_1777870812_preprocessed_14.png HTTP/1.1" 200 389964
[04/May/2026 10:31:00] "GET /static/uploaded_file_1777870812_preprocessed_15.png HTTP/1.1" 200 360324
[04/May/2026 10:31:00] "GET /static/uploaded_file_1777870812_preprocessed_16.png HTTP/1.1" 200 356529
[04/May/2026 10:31:00] "GET /static/uploaded_file_1777870812_preprocessed_17.png HTTP/1.1" 200 373672
[04/May/2026 10:31:00] "GET /static/uploaded_file_1777870812_preprocessed_18.png HTTP/1.1" 200 680805
[04/May/2026 10:31:00] "GET /static/uploaded_file_1777870812_preprocessed_19.png HTTP/1.1" 200 772188
[04/May/2026 10:31:00] "GET /static/uploaded_file_1777870812_preprocessed_20.png HTTP/1.1" 200 656648
[04/May/2026 10:31:00] "GET /static/uploaded_file_1777870812_cropped_faces_1.png HTTP/1.1" 200 7107
[04/May/2026 10:31:00] "GET /static/uploaded_file_1777870812_cropped_faces_2.png HTTP/1.1" 200 3072
[04/May/2026 10:31:00] "GET /static/uploaded_file_1777870812_cropped_faces_3.png HTTP/1.1" 200 3079
[04/May/2026 10:31:00] "GET /static/uploaded_file_1777870812_cropped_faces_4.png HTTP/1.1" 200 1386
[04/May/2026 10:31:00] "GET /static/uploaded_file_1777870812_cropped_faces_5.png HTTP/1.1" 200 5517
[04/May/2026 10:31:00] "GET /static/uploaded_file_1777870812_cropped_faces_6.png HTTP/1.1" 200 4644
[04/May/2026 10:31:00] "GET /static/uploaded_file_1777870812_cropped_faces_9.png HTTP/1.1" 200 3330
[04/May/2026 10:31:00] "GET /static/uploaded_file_1777870812_cropped_faces_8.png HTTP/1.1" 200 3268
[04/May/2026 10:31:00] "GET /static/uploaded_file_1777870812_cropped_faces_7.png HTTP/1.1" 200 8471
[04/May/2026 10:31:00] "GET /static/uploaded_file_1777870812_cropped_faces_12.png HTTP/1.1" 200 6046
[04/May/2026 10:31:00] "GET /static/uploaded_file_1777870812_cropped_faces_10.png HTTP/1.1" 200 9094
[04/May/2026 10:31:00] "GET /static/uploaded_file_1777870812_cropped_faces_11.png HTTP/1.1" 200 5757
[04/May/2026 10:31:00] "GET /static/uploaded_file_1777870812_cropped_faces_15.png HTTP/1.1" 200 7372
[04/May/2026 10:31:00] "GET /static/uploaded_file_1777870812_cropped_faces_14.png HTTP/1.1" 200 4431
[04/May/2026 10:31:00] "GET /static/uploaded_file_1777870812_cropped_faces_13.png HTTP/1.1" 200 6014
[04/May/2026 10:31:00] "GET /static/uploaded_file_1777870812_cropped_faces_18.png HTTP/1.1" 200 7344
[04/May/2026 10:31:00] "GET /static/uploaded_file_1777870812_cropped_faces_17.png HTTP/1.1" 200 4557
[04/May/2026 10:31:00] "GET /static/uploaded_file_1777870812_cropped_faces_16.png HTTP/1.1" 200 2698
[04/May/2026 10:31:00] "GET /static/uploaded_file_1777870812_cropped_faces_19.png HTTP/1.1" 200 3522
[04/May/2026 10:31:00] "GET /static/uploaded_file_1777870812_cropped_faces_20.png HTTP/1.1" 200 6424
[04/May/2026 10:34:41] "GET / HTTP/1.1" 200 7024
[04/May/2026 10:34:41,687] - Broken pipe from ('127.0.0.1', 58251)
[04/May/2026 10:35:08] "HEAD /media/uploaded_file_1777870812.mp4 HTTP/1.1" 200 0
[04/May/2026 10:35:08,389] - Broken pipe from ('127.0.0.1', 58253)
